<?xml version="1.0" encoding="UTF-8"?>
<!-- Generated by org.testng.reporters.JUnitReportReporter -->
<testsuite hostname="DESKTOP-0DHIDHG" failures="0" tests="2" name="TD.regression.TestSetUp" time="2.169" errors="0" timestamp="2025-04-04T17:38:48 IST" skipped="0">
  <testcase classname="TD.regression.TestSetUp" name="testApplication" time="2.161"/>
  <system-out/>
  <testcase classname="TD.regression.TestSetUp" name="firstTestCase" time="0.008"/>
  <system-out/>
</testsuite> <!-- TD.regression.TestSetUp -->
