<?xml version="1.0" encoding="UTF-8"?>
<!-- Generated by org.testng.reporters.JUnitReportReporter -->
<testsuite hostname="DESKTOP-0DHIDHG" failures="0" tests="1" name="TD.regression.TestLogin" time="0.003" errors="0" timestamp="2025-04-11T14:08:16 IST" skipped="0">
  <testcase classname="TD.regression.TestLogin" name="firstTestCase" time="0.003"/>
  <system-out/>
</testsuite> <!-- TD.regression.TestLogin -->
