<?xml version="1.0" encoding="UTF-8"?>
<!-- Generated by org.testng.reporters.JUnitReportReporter -->
<testsuite hostname="DESKTOP-0DHIDHG" failures="0" tests="3" name="TD.regression.TestSetUp" time="28.009" errors="0" timestamp="2025-04-09T11:42:34 IST" skipped="0">
  <testcase classname="TD.regression.TestSetUp" name="tdtestTitle" time="3.599"/>
  <system-out/>
  <testcase classname="TD.regression.TestSetUp" name="tdfirstTestCase" time="0.002"/>
  <system-out/>
  <testcase classname="TD.regression.TestSetUp" name="tdtestApplication" time="24.408"/>
  <system-out/>
</testsuite> <!-- TD.regression.TestSetUp -->
