<?xml version="1.0" encoding="UTF-8"?>
<!-- Generated by org.testng.reporters.JUnitReportReporter -->
<<<<<<< HEAD
<testsuite hostname="LAPTOP-TB2L49F5" failures="0" tests="1" name="TD.regression.TestLogin" time="0.002" errors="0" timestamp="2025-05-23T01:35:35 IST" skipped="0">
=======
<testsuite hostname="DESKTOP-0DHIDHG" failures="0" tests="1" name="TD.regression.TestLogin" time="0.002" errors="0" timestamp="2025-05-16T13:15:17 IST" skipped="0">
>>>>>>> 848c4ebd7b826149cfb226d71df7f25be5c19875
  <testcase classname="TD.regression.TestLogin" name="firstTestCase" time="0.002"/>
  <system-out/>
</testsuite> <!-- TD.regression.TestLogin -->
